12:00:45.241 [main] DEBUG org.apache.poi.openxml4j.opc.ZipPackage - Save part 'docProps/core.xml'
12:00:45.261 [main] DEBUG org.apache.poi.openxml4j.opc.ZipPackage - Save part 'xl/sharedStrings.xml'
12:00:45.261 [main] DEBUG org.apache.poi.openxml4j.opc.ZipPackage - Save part 'xl/styles.xml'
12:00:45.262 [main] DEBUG org.apache.poi.openxml4j.opc.ZipPackage - Save part 'xl/workbook.xml'
12:00:45.265 [main] DEBUG org.apache.poi.openxml4j.opc.ZipPackage - Save part 'xl/worksheets/sheet1.xml'
12:00:56.740 [main] INFO  testCases.Main - **** Ending Test Cases ******
13:15:00.594 [main] INFO  testCases.Main - **** Starting Test Cases ******
13:15:38.002 [main] INFO  testCases.Main - Verify the user Information
13:15:58.382 [main] INFO  testCases.Main - Get all Header and  all sub header information and capture each header information
13:15:59.394 [main] INFO  testCases.Main - Validate Ethics & Compliance is visible in Corporate Function ̶̶> Legal & Corporate affairs header
13:15:59.428 [main] ERROR testCases.Main - Test Failed
13:33:28.295 [main] INFO  testCases.Main - **** Starting Test Cases ******
13:34:07.872 [main] INFO  testCases.Main - Verify the user Information
13:34:31.319 [main] INFO  testCases.Main - Get all Header and  all sub header information and capture each header information
13:36:35.701 [main] INFO  testCases.Main - Validate Ethics & Compliance is visible in Corporate Function ̶̶> Legal & Corporate affairs header
13:36:38.072 [main] INFO  testCases.Main - Test Passed
13:36:38.721 [main] INFO  testCases.Main - Navigate to Ethics & Compliance page
13:36:40.933 [main] INFO  testCases.Main - Validate Resources/Link in Ethics & Compliance page
13:36:43.745 [main] INFO  testCases.Main - Test Passed
13:36:44.175 [main] INFO  testCases.Main - Print all information of Resources/Link in Ethics & Compliance page
13:36:45.320 [main] INFO  testCases.Main - Validate Ethics & Compliance page information
13:36:45.383 [main] INFO  testCases.Main - Test Passed
13:36:45.803 [main] INFO  testCases.Main - Print Ethics & Compliance page information
13:36:48.312 [main] DEBUG org.apache.poi.openxml4j.opc.ZipPackage - Save core properties part
13:36:48.313 [main] DEBUG org.apache.poi.openxml4j.opc.ZipPackage - Save content types part
13:36:48.541 [main] DEBUG org.apache.poi.openxml4j.opc.ZipPackage - Save package relationships
13:36:48.557 [main] DEBUG org.apache.poi.openxml4j.opc.ZipPackage - Save part 'docProps/app.xml'
13:36:48.565 [main] DEBUG org.apache.poi.openxml4j.opc.ZipPackage - Save part 'docProps/core.xml'
13:36:48.577 [main] DEBUG org.apache.poi.openxml4j.opc.ZipPackage - Save part 'xl/sharedStrings.xml'
13:36:48.578 [main] DEBUG org.apache.poi.openxml4j.opc.ZipPackage - Save part 'xl/styles.xml'
13:36:48.580 [main] DEBUG org.apache.poi.openxml4j.opc.ZipPackage - Save part 'xl/workbook.xml'
13:36:48.585 [main] DEBUG org.apache.poi.openxml4j.opc.ZipPackage - Save part 'xl/worksheets/sheet1.xml'
13:36:48.592 [main] DEBUG org.apache.poi.openxml4j.opc.ZipPackage - Save content types part
13:36:48.595 [main] DEBUG org.apache.poi.openxml4j.opc.ZipPackage - Save package relationships
13:36:48.598 [main] DEBUG org.apache.poi.openxml4j.opc.ZipPackage - Save part 'docProps/app.xml'
13:36:48.598 [main] DEBUG org.apache.poi.openxml4j.opc.ZipPackage - Save part 'docProps/core.xml'
13:36:48.601 [main] DEBUG org.apache.poi.openxml4j.opc.ZipPackage - Save part 'xl/sharedStrings.xml'
13:36:48.604 [main] DEBUG org.apache.poi.openxml4j.opc.ZipPackage - Save part 'xl/styles.xml'
13:36:48.605 [main] DEBUG org.apache.poi.openxml4j.opc.ZipPackage - Save part 'xl/workbook.xml'
13:36:48.608 [main] DEBUG org.apache.poi.openxml4j.opc.ZipPackage - Save part 'xl/worksheets/sheet1.xml'
13:37:00.059 [main] INFO  testCases.Main - **** Ending Test Cases ******
